<?xml version="1.0" encoding="UTF-8"?>
<!-- Generated by org.testng.reporters.JUnitXMLReporter -->
<testsuite ignored="0" hostname="LAPTOP-IBA9KA33" failures="0" tests="6" name="Surefire test" time="0.041" errors="0" timestamp="03 Apr 2021 04:18:27 GMT">
  <testcase classname="qaclickacademy.AppiumTest" name="Appiumone" time="0.008"/>
  <testcase classname="qaclickacademy.AppiumTest" name="Appiumtwo" time="0.0"/>
  <testcase classname="qaclickacademy.RestAssuredTest" name="RestOne" time="0.0"/>
  <testcase classname="qaclickacademy.RestAssuredTest" name="RestTwo" time="0.0"/>
  <testcase classname="qaclickacademy.SeleniumTest" name="seleniumone" time="0.0"/>
  <testcase classname="qaclickacademy.SeleniumTest" name="seleniumtwo" time="0.001"/>
</testsuite> <!-- Surefire test -->
