<?xml version="1.0" encoding="UTF-8"?>
<testng-results ignored="0" total="2" passed="2" failed="0" skipped="0">
  <reporter-output>
  </reporter-output>
  <suite started-at="2021-04-03T04:40:10Z" name="qaclickacademy.AppiumTest" finished-at="2021-04-03T04:40:10Z" duration-ms="39">
    <groups>
    </groups>
    <test started-at="2021-04-03T04:40:10Z" name="Command line test" finished-at="2021-04-03T04:40:10Z" duration-ms="39">
      <class name="qaclickacademy.AppiumTest">
        <test-method signature="Appiumone()[pri:0, instance:qaclickacademy.AppiumTest@2c767a52]" started-at="2021-04-03T04:40:10Z" name="Appiumone" finished-at="2021-04-03T04:40:10Z" duration-ms="10" status="PASS">
          <reporter-output>
          </reporter-output>
        </test-method> <!-- Appiumone -->
        <test-method signature="Appiumtwo()[pri:0, instance:qaclickacademy.AppiumTest@2c767a52]" started-at="2021-04-03T04:40:10Z" name="Appiumtwo" finished-at="2021-04-03T04:40:10Z" duration-ms="0" status="PASS">
          <reporter-output>
          </reporter-output>
        </test-method> <!-- Appiumtwo -->
      </class> <!-- qaclickacademy.AppiumTest -->
    </test> <!-- Command line test -->
  </suite> <!-- qaclickacademy.AppiumTest -->
</testng-results>
